time="2022-04-28T18:42:19+06:00" level=info msg="create roter" func=main.main file="main.go:15"
time="2022-04-28T18:42:19+06:00" level=info msg="register user handler" func=main.main file="main.go:19"
time="2022-04-28T19:43:09+06:00" level=info msg="create roter" func=main.main file="main.go:21"
time="2022-04-28T19:43:09+06:00" level=info msg="read application configuration" func=github.com/marif226/stolik/internal/config.GetConfig.func1 file="config.go:25"
time="2022-04-28T19:43:09+06:00" level=info func=github.com/marif226/stolik/internal/config.GetConfig.func1 file="config.go:29"
time="2022-04-28T19:43:09+06:00" level=fatal msg="open config.yaml: The system cannot find the file specified." func=github.com/marif226/stolik/internal/config.GetConfig.func1 file="config.go:30"
time="2022-04-28T19:43:38+06:00" level=info msg="create roter" func=main.main file="main.go:21"
time="2022-04-28T19:43:38+06:00" level=info msg="read application configuration" func=github.com/marif226/stolik/internal/config.GetConfig.func1 file="config.go:25"
time="2022-04-28T19:43:38+06:00" level=info msg="register user handler" func=main.main file="main.go:27"
time="2022-04-28T19:43:38+06:00" level=info msg="start application" func=main.start file="main.go:37"
time="2022-04-28T19:43:38+06:00" level=info msg="listen tcp" func=main.start file="main.go:56"
time="2022-04-28T19:43:38+06:00" level=info msg="server is listening port 0.0.0.0:1234" func=main.start file="main.go:70"
time="2022-04-28T19:44:50+06:00" level=info msg="create roter" func=main.main file="main.go:21"
time="2022-04-28T19:44:50+06:00" level=info msg="read application configuration" func=github.com/marif226/stolik/internal/config.GetConfig.func1 file="config.go:25"
time="2022-04-28T19:44:50+06:00" level=info msg="register user handler" func=main.main file="main.go:27"
time="2022-04-28T19:44:50+06:00" level=info msg="start application" func=main.start file="main.go:37"
time="2022-04-28T19:44:50+06:00" level=info msg="listen tcp" func=main.start file="main.go:56"
time="2022-04-28T19:44:50+06:00" level=info msg="server is listening port 0.0.0.0:10000" func=main.start file="main.go:70"
time="2022-04-28T19:46:34+06:00" level=info msg="create roter" func=main.main file="main.go:21"
time="2022-04-28T19:46:34+06:00" level=info msg="read application configuration" func=github.com/marif226/stolik/internal/config.GetConfig.func1 file="config.go:25"
time="2022-04-28T19:46:34+06:00" level=info msg="register user handler" func=main.main file="main.go:27"
time="2022-04-28T19:46:34+06:00" level=info msg="start application" func=main.start file="main.go:37"
time="2022-04-28T19:46:34+06:00" level=info msg="create socket" func=main.start file="main.go:47"
time="2022-04-28T19:46:34+06:00" level=debug msg="socket path: C:\\Users\\stive\\AppData\\Local\\Temp\\go-build3695869138\\b001\\exe/app.sock" func=main.start file="main.go:50"
time="2022-04-28T19:46:34+06:00" level=info msg="create unix socket" func=main.start file="main.go:52"
time="2022-04-28T19:46:34+06:00" level=info msg="server is listening port 127.0.0.1:8080" func=main.start file="main.go:70"
time="2022-04-28T19:48:26+06:00" level=info msg="create roter" func=main.main file="main.go:21"
time="2022-04-28T19:48:26+06:00" level=info msg="read application configuration" func=github.com/marif226/stolik/internal/config.GetConfig.func1 file="config.go:25"
time="2022-04-28T19:48:26+06:00" level=info msg="register user handler" func=main.main file="main.go:27"
time="2022-04-28T19:48:26+06:00" level=info msg="start application" func=main.start file="main.go:37"
time="2022-04-28T19:48:26+06:00" level=info msg="detect app path" func=main.start file="main.go:43"
time="2022-04-28T19:48:26+06:00" level=info msg="create socket" func=main.start file="main.go:49"
time="2022-04-28T19:48:26+06:00" level=debug msg="socket path: C:\\Users\\stive\\AppData\\Local\\Temp\\go-build2961455873\\b001\\exe/app.sock" func=main.start file="main.go:52"
time="2022-04-28T19:48:26+06:00" level=info msg="create unix socket" func=main.start file="main.go:54"
time="2022-04-28T19:48:26+06:00" level=info msg="server is listening unix socket C:\\Users\\stive\\AppData\\Local\\Temp\\go-build2961455873\\b001\\exe/app.sock" func=main.start file="main.go:56"
time="2022-04-28T19:48:26+06:00" level=info msg="server is listening port 127.0.0.1:8080" func=main.start file="main.go:73"
